Arguments: 
  D:\soft\node\node.exe D:\soft\node\node_global\node_modules\yarn\bin\yarn.js install

PATH: 
  C:\Program Files\Common Files\Oracle\Java\javapath;C:\Program Files (x86)\Common Files\Oracle\Java\javapath;C:\Windows\system32;C:\Windows;C:\Windows\System32\Wbem;C:\Windows\System32\WindowsPowerShell\v1.0\;C:\Windows\System32\OpenSSH\;C:\Program Files (x86)\NVIDIA Corporation\PhysX\Common;C:\Program Files\NVIDIA Corporation\NVIDIA NvDLISR;C:\Windows\system32;C:\Windows;C:\Windows\System32\Wbem;C:\Windows\System32\WindowsPowerShell\v1.0\;C:\Windows\System32\OpenSSH\;D:\soft\git\Git\cmd;D:\soft\java\java8\bin;D:\soft\node\;D:\soft\node\node_global;D:\soft\erlang\erl10.4\bin;D:\soft\rabbitMq\rabbitmq_server-3.7.17\sbin;;C:\Program Files\Docker\Docker\resources\bin;C:\ProgramData\DockerDesktop\version-bin;C:\Program Files\MySQL\MySQL Shell 8.0\bin\;C:\Users\majf\AppData\Local\Microsoft\WindowsApps;"D:\soft\java\java8\bin;";C:\Users\majf\AppData\Roaming\npm;D:\soft\Microsoft VS Code\bin

Yarn version: 
  1.22.10

Node version: 
  14.4.0

Platform: 
  win32 x64

Trace: 
  SyntaxError: D:\project\vue_project\alex-vue3\package.json: Unexpected token / in JSON at position 86
      at JSON.parse (<anonymous>)
      at D:\soft\node\node_global\node_modules\yarn\lib\cli.js:1625:59
      at Generator.next (<anonymous>)
      at step (D:\soft\node\node_global\node_modules\yarn\lib\cli.js:310:30)
      at D:\soft\node\node_global\node_modules\yarn\lib\cli.js:321:13

npm manifest: 
  {
    "name": "alex-vue3",
    "version": "1.0.0",
    "license": "ISC",
    "scripts": {
      // "dev": "vite --mode dev",
      "dev": "vite",
      "build-dev": "vite build --mode dev",
      "build-prod": "NODE_ENV=prod --mode prod",
      "serve": "vite preview"
    },
    "dependencies": {
      "ant-design-vue": "^2.1.5",
      "axios": "^0.21.1",
      "babel-plugin-import": "^1.13.3",
      "nprogress": "^0.2.0",
      "sass": "^1.32.11",
      "vue": "^3.0.5",
      "vue-axios": "^3.2.4",
      "vue-particles": "^1.0.9",
      "vue-router": "^4.0.1"
    },
    "devDependencies": {
      "@vitejs/plugin-vue": "^1.2.1",
      "@vue/compiler-sfc": "^3.0.5",
      "vite": "^2.1.5",
      "vite-plugin-style-import": "^0.9.2"
    }
  }

yarn manifest: 
  No manifest

Lockfile: 
  # THIS IS AN AUTOGENERATED FILE. DO NOT EDIT THIS FILE DIRECTLY.
  # yarn lockfile v1
  
  
  "@ant-design-vue/use@^0.0.1-0":
    version "0.0.1-alpha.9"
    resolved "https://registry.nlark.com/@ant-design-vue/use/download/@ant-design-vue/use-0.0.1-alpha.9.tgz#b7df26150469391383ba1c2dd4ba250267a58411"
    integrity sha1-t98mFQRpORODuhwt1LolAmelhBE=
    dependencies:
      async-validator "^3.4.0"
      lodash-es "^4.17.15"
      resize-observer-polyfill "^1.5.1"
      vue "^3.0.0"
  
  "@ant-design/colors@^5.0.0":
    version "5.1.1"
    resolved "https://registry.npm.taobao.org/@ant-design/colors/download/@ant-design/colors-5.1.1.tgz#800b2186b1e27e66432e67d03ed96af3e21d8940"
    integrity sha1-gAshhrHifmZDLmfQPtlq8+IdiUA=
    dependencies:
      "@ctrl/tinycolor" "^3.3.1"
  
  "@ant-design/icons-svg@^4.0.0":
    version "4.1.0"
    resolved "https://registry.npm.taobao.org/@ant-design/icons-svg/download/@ant-design/icons-svg-4.1.0.tgz#480b025f4b20ef7fe8f47d4a4846e4fee84ea06c"
    integrity sha1-SAsCX0sg73/o9H1KSEbk/uhOoGw=
  
  "@ant-design/icons-vue@^6.0.0":
    version "6.0.1"
    resolved "https://registry.npm.taobao.org/@ant-design/icons-vue/download/@ant-design/icons-vue-6.0.1.tgz#9d804c3c74d2cfaf97cb18e582d3b9400934f5fd"
    integrity sha1-nYBMPHTSz6+XyxjlgtO5QAk09f0=
    dependencies:
      "@ant-design/colors" "^5.0.0"
      "@ant-design/icons-svg" "^4.0.0"
      "@types/lodash" "^4.14.165"
      lodash "^4.17.15"
  
  "@babel/helper-module-imports@^7.0.0":
    version "7.13.12"
    resolved "https://registry.nlark.com/@babel/helper-module-imports/download/@babel/helper-module-imports-7.13.12.tgz#c6a369a6f3621cb25da014078684da9196b61977"
    integrity sha1-xqNppvNiHLJdoBQHhoTakZa2GXc=
    dependencies:
      "@babel/types" "^7.13.12"
  
  "@babel/helper-validator-identifier@^7.12.11":
    version "7.12.11"
    resolved "https://registry.npm.taobao.org/@babel/helper-validator-identifier/download/@babel/helper-validator-identifier-7.12.11.tgz#c9a1f021917dcb5ccf0d4e453e399022981fc9ed"
    integrity sha1-yaHwIZF9y1zPDU5FPjmQIpgfye0=
  
  "@babel/helper-validator-identifier@^7.14.0":
    version "7.14.0"
    resolved "https://registry.nlark.com/@babel/helper-validator-identifier/download/@babel/helper-validator-identifier-7.14.0.tgz?cache=0&sync_timestamp=1619727806467&other_urls=https%3A%2F%2Fregistry.nlark.com%2F%40babel%2Fhelper-validator-identifier%2Fdownload%2F%40babel%2Fhelper-validator-identifier-7.14.0.tgz#d26cad8a47c65286b15df1547319a5d0bcf27288"
    integrity sha1-0mytikfGUoaxXfFUcxml0Lzycog=
  
  "@babel/parser@^7.12.0", "@babel/parser@^7.13.9":
    version "7.13.15"
    resolved "https://registry.npm.taobao.org/@babel/parser/download/@babel/parser-7.13.15.tgz#8e66775fb523599acb6a289e12929fa5ab0954d8"
    integrity sha1-jmZ3X7UjWZrLaiieEpKfpasJVNg=
  
  "@babel/runtime@^7.0.0", "@babel/runtime@^7.10.5":
    version "7.14.0"
    resolved "https://registry.nlark.com/@babel/runtime/download/@babel/runtime-7.14.0.tgz?cache=0&sync_timestamp=1619727807559&other_urls=https%3A%2F%2Fregistry.nlark.com%2F%40babel%2Fruntime%2Fdownload%2F%40babel%2Fruntime-7.14.0.tgz#46794bc20b612c5f75e62dd071e24dfd95f1cbe6"
    integrity sha1-RnlLwgthLF915i3QceJN/ZXxy+Y=
    dependencies:
      regenerator-runtime "^0.13.4"
  
  "@babel/types@^7.12.0", "@babel/types@^7.13.0":
    version "7.13.14"
    resolved "https://registry.npm.taobao.org/@babel/types/download/@babel/types-7.13.14.tgz?cache=0&sync_timestamp=1617027601300&other_urls=https%3A%2F%2Fregistry.npm.taobao.org%2F%40babel%2Ftypes%2Fdownload%2F%40babel%2Ftypes-7.13.14.tgz#c35a4abb15c7cd45a2746d78ab328e362cbace0d"
    integrity sha1-w1pKuxXHzUWidG14qzKONiy6zg0=
    dependencies:
      "@babel/helper-validator-identifier" "^7.12.11"
      lodash "^4.17.19"
      to-fast-properties "^2.0.0"
  
  "@babel/types@^7.13.12":
    version "7.14.2"
    resolved "https://registry.nlark.com/@babel/types/download/@babel/types-7.14.2.tgz?cache=0&sync_timestamp=1620839445517&other_urls=https%3A%2F%2Fregistry.nlark.com%2F%40babel%2Ftypes%2Fdownload%2F%40babel%2Ftypes-7.14.2.tgz#4208ae003107ef8a057ea8333e56eb64d2f6a2c3"
    integrity sha1-QgiuADEH74oFfqgzPlbrZNL2osM=
    dependencies:
      "@babel/helper-validator-identifier" "^7.14.0"
      to-fast-properties "^2.0.0"
  
  "@ctrl/tinycolor@^3.3.1":
    version "3.4.0"
    resolved "https://registry.npm.taobao.org/@ctrl/tinycolor/download/@ctrl/tinycolor-3.4.0.tgz#c3c5ae543c897caa9c2a68630bed355be5f9990f"
    integrity sha1-w8WuVDyJfKqcKmhjC+01W+X5mQ8=
  
  "@rollup/pluginutils@^4.1.0":
    version "4.1.0"
    resolved "https://registry.npm.taobao.org/@rollup/pluginutils/download/@rollup/pluginutils-4.1.0.tgz#0dcc61c780e39257554feb7f77207dceca13c838"
    integrity sha1-Dcxhx4DjkldVT+t/dyB9zsoTyDg=
    dependencies:
      estree-walker "^2.0.1"
      picomatch "^2.2.2"
  
  "@simonwep/pickr@~1.8.0":
    version "1.8.0"
    resolved "https://registry.nlark.com/@simonwep/pickr/download/@simonwep/pickr-1.8.0.tgz#adbff9a4f7f0e59dec9946508c5e481b7abae0f8"
    integrity sha1-rb/5pPfw5Z3smUZQjF5IG3q64Pg=
    dependencies:
      core-js "^3.8.0"
      nanopop "^2.1.0"
  
  "@types/lodash@^4.14.165":
    version "4.14.169"
    resolved "https://registry.nlark.com/@types/lodash/download/@types/lodash-4.14.169.tgz#83c217688f07a4d9ef8f28a3ebd1d318f6ff4cbb"
    integrity sha1-g8IXaI8HpNnvjyij69HTGPb/TLs=
  
  "@vitejs/plugin-vue@^1.2.1":
    version "1.2.1"
    resolved "https://registry.npm.taobao.org/@vitejs/plugin-vue/download/@vitejs/plugin-vue-1.2.1.tgz#6de49436fc346f829a56676066428e3f011522ac"
    integrity sha1-beSUNvw0b4KaVmdgZkKOPwEVIqw=
  
  "@vue/compiler-core@3.0.11":
    version "3.0.11"
    resolved "https://registry.npm.taobao.org/@vue/compiler-core/download/@vue/compiler-core-3.0.11.tgz?cache=0&sync_timestamp=1617321275220&other_urls=https%3A%2F%2Fregistry.npm.taobao.org%2F%40vue%2Fcompiler-core%2Fdownload%2F%40vue%2Fcompiler-core-3.0.11.tgz#5ef579e46d7b336b8735228758d1c2c505aae69a"
    integrity sha1-XvV55G17M2uHNSKHWNHCxQWq5po=
    dependencies:
      "@babel/parser" "^7.12.0"
      "@babel/types" "^7.12.0"
      "@vue/shared" "3.0.11"
      estree-walker "^2.0.1"
      source-map "^0.6.1"
  
  "@vue/compiler-dom@3.0.11":
    version "3.0.11"
    resolved "https://registry.npm.taobao.org/@vue/compiler-dom/download/@vue/compiler-dom-3.0.11.tgz#b15fc1c909371fd671746020ba55b5dab4a730ee"
    integrity sha1-sV/ByQk3H9ZxdGAgulW12rSnMO4=
    dependencies:
      "@vue/compiler-core" "3.0.11"
      "@vue/shared" "3.0.11"
  
  "@vue/compiler-sfc@^3.0.5":
    version "3.0.11"
    resolved "https://registry.npm.taobao.org/@vue/compiler-sfc/download/@vue/compiler-sfc-3.0.11.tgz?cache=0&sync_timestamp=1617321275953&other_urls=https%3A%2F%2Fregistry.npm.taobao.org%2F%40vue%2Fcompiler-sfc%2Fdownload%2F%40vue%2Fcompiler-sfc-3.0.11.tgz#cd8ca2154b88967b521f5ad3b10f5f8b6b665679"
    integrity sha1-zYyiFUuIlntSH1rTsQ9fi2tmVnk=
    dependencies:
      "@babel/parser" "^7.13.9"
      "@babel/types" "^7.13.0"
      "@vue/compiler-core" "3.0.11"
      "@vue/compiler-dom" "3.0.11"
      "@vue/compiler-ssr" "3.0.11"
      "@vue/shared" "3.0.11"
      consolidate "^0.16.0"
      estree-walker "^2.0.1"
      hash-sum "^2.0.0"
      lru-cache "^5.1.1"
      magic-string "^0.25.7"
      merge-source-map "^1.1.0"
      postcss "^8.1.10"
      postcss-modules "^4.0.0"
      postcss-selector-parser "^6.0.4"
      source-map "^0.6.1"
  
  "@vue/compiler-ssr@3.0.11":
    version "3.0.11"
    resolved "https://registry.npm.taobao.org/@vue/compiler-ssr/download/@vue/compiler-ssr-3.0.11.tgz?cache=0&sync_timestamp=1617321276602&other_urls=https%3A%2F%2Fregistry.npm.taobao.org%2F%40vue%2Fcompiler-ssr%2Fdownload%2F%40vue%2Fcompiler-ssr-3.0.11.tgz#ac5a05fd1257412fa66079c823d8203b6a889a13"
    integrity sha1-rFoF/RJXQS+mYHnII9ggO2qImhM=
    dependencies:
      "@vue/compiler-dom" "3.0.11"
      "@vue/shared" "3.0.11"
  
  "@vue/reactivity@3.0.11":
    version "3.0.11"
    resolved "https://registry.npm.taobao.org/@vue/reactivity/download/@vue/reactivity-3.0.11.tgz?cache=0&sync_timestamp=1617321277116&other_urls=https%3A%2F%2Fregistry.npm.taobao.org%2F%40vue%2Freactivity%2Fdownload%2F%40vue%2Freactivity-3.0.11.tgz#07b588349fd05626b17f3500cbef7d4bdb4dbd0b"
    integrity sha1-B7WINJ/QViaxfzUAy+99S9tNvQs=
    dependencies:
      "@vue/shared" "3.0.11"
  
  "@vue/runtime-core@3.0.11":
    version "3.0.11"
    resolved "https://registry.npm.taobao.org/@vue/runtime-core/download/@vue/runtime-core-3.0.11.tgz#c52dfc6acf3215493623552c1c2919080c562e44"
    integrity sha1-xS38as8yFUk2I1UsHCkZCAxWLkQ=
    dependencies:
      "@vue/reactivity" "3.0.11"
      "@vue/shared" "3.0.11"
  
  "@vue/runtime-dom@3.0.11":
    version "3.0.11"
    resolved "https://registry.npm.taobao.org/@vue/runtime-dom/download/@vue/runtime-dom-3.0.11.tgz?cache=0&sync_timestamp=1617321807061&other_urls=https%3A%2F%2Fregistry.npm.taobao.org%2F%40vue%2Fruntime-dom%2Fdownload%2F%40vue%2Fruntime-dom-3.0.11.tgz#7a552df21907942721feb6961c418e222a699337"
    integrity sha1-elUt8hkHlCch/raWHEGOIippkzc=
    dependencies:
      "@vue/runtime-core" "3.0.11"
      "@vue/shared" "3.0.11"
      csstype "^2.6.8"
  
  "@vue/shared@3.0.11":
    version "3.0.11"
    resolved "https://registry.npm.taobao.org/@vue/shared/download/@vue/shared-3.0.11.tgz?cache=0&other_urls=https%3A%2F%2Fregistry.npm.taobao.org%2F%40vue%2Fshared%2Fdownload%2F%40vue%2Fshared-3.0.11.tgz#20d22dd0da7d358bb21c17f9bde8628152642c77"
    integrity sha1-INIt0Np9NYuyHBf5vehigVJkLHc=
  
  ant-design-vue@^2.1.5:
    version "2.1.5"
    resolved "https://registry.nlark.com/ant-design-vue/download/ant-design-vue-2.1.5.tgz?cache=0&sync_timestamp=1620802322044&other_urls=https%3A%2F%2Fregistry.nlark.com%2Fant-design-vue%2Fdownload%2Fant-design-vue-2.1.5.tgz#3f907d430c8aa9e3e9baa6afa0ce5d8d6a1e2606"
    integrity sha1-P5B9QwyKqePpuqavoM5djWoeJgY=
    dependencies:
      "@ant-design-vue/use" "^0.0.1-0"
      "@ant-design/icons-vue" "^6.0.0"
      "@babel/runtime" "^7.10.5"
      "@simonwep/pickr" "~1.8.0"
      array-tree-filter "^2.1.0"
      async-validator "^3.3.0"
      dom-align "^1.10.4"
      dom-scroll-into-view "^2.0.0"
      lodash "^4.17.21"
      lodash-es "^4.17.15"
      moment "^2.27.0"
      omit.js "^2.0.0"
      resize-observer-polyfill "^1.5.1"
      scroll-into-view-if-needed "^2.2.25"
      shallow-equal "^1.0.0"
      vue-types "^3.0.0"
      warning "^4.0.0"
  
  anymatch@~3.1.1:
    version "3.1.2"
    resolved "https://registry.npm.taobao.org/anymatch/download/anymatch-3.1.2.tgz?cache=0&sync_timestamp=1617747502795&other_urls=https%3A%2F%2Fregistry.npm.taobao.org%2Fanymatch%2Fdownload%2Fanymatch-3.1.2.tgz#c0557c096af32f106198f4f4e2a383537e378716"
    integrity sha1-wFV8CWrzLxBhmPT04qODU343hxY=
    dependencies:
      normalize-path "^3.0.0"
      picomatch "^2.0.4"
  
  array-tree-filter@^2.1.0:
    version "2.1.0"
    resolved "https://registry.npm.taobao.org/array-tree-filter/download/array-tree-filter-2.1.0.tgz#873ac00fec83749f255ac8dd083814b4f6329190"
    integrity sha1-hzrAD+yDdJ8lWsjdCDgUtPYykZA=
  
  async-validator@^3.3.0:
    version "3.5.2"
    resolved "https://registry.nlark.com/async-validator/download/async-validator-3.5.2.tgz#68e866a96824e8b2694ff7a831c1a25c44d5e500"
    integrity sha1-aOhmqWgk6LJpT/eoMcGiXETV5QA=
  
  async-validator@^3.4.0:
    version "3.5.1"
    resolved "https://registry.npm.taobao.org/async-validator/download/async-validator-3.5.1.tgz?cache=0&sync_timestamp=1605751734916&other_urls=https%3A%2F%2Fregistry.npm.taobao.org%2Fasync-validator%2Fdownload%2Fasync-validator-3.5.1.tgz#cd62b9688b2465f48420e27adb47760ab1b5559f"
    integrity sha1-zWK5aIskZfSEIOJ620d2CrG1VZ8=
  
  axios@^0.21.1:
    version "0.21.1"
    resolved "https://registry.nlark.com/axios/download/axios-0.21.1.tgz#22563481962f4d6bde9a76d516ef0e5d3c09b2b8"
    integrity sha1-IlY0gZYvTWvemnbVFu8OXTwJsrg=
    dependencies:
      follow-redirects "^1.10.0"
  
  babel-plugin-import@^1.13.3:
    version "1.13.3"
    resolved "https://registry.npm.taobao.org/babel-plugin-import/download/babel-plugin-import-1.13.3.tgz#9dbbba7d1ac72bd412917a830d445e00941d26d7"
    integrity sha1-nbu6fRrHK9QSkXqDDUReAJQdJtc=
    dependencies:
      "@babel/helper-module-imports" "^7.0.0"
      "@babel/runtime" "^7.0.0"
  
  big.js@^5.2.2:
    version "5.2.2"
    resolved "https://registry.npm.taobao.org/big.js/download/big.js-5.2.2.tgz#65f0af382f578bcdc742bd9c281e9cb2d7768328"
    integrity sha1-ZfCvOC9Xi83HQr2cKB6cstd2gyg=
  
  binary-extensions@^2.0.0:
    version "2.2.0"
    resolved "https://registry.npm.taobao.org/binary-extensions/download/binary-extensions-2.2.0.tgz?cache=0&sync_timestamp=1610299322955&other_urls=https%3A%2F%2Fregistry.npm.taobao.org%2Fbinary-extensions%2Fdownload%2Fbinary-extensions-2.2.0.tgz#75f502eeaf9ffde42fc98829645be4ea76bd9e2d"
    integrity sha1-dfUC7q+f/eQvyYgpZFvk6na9ni0=
  
  bluebird@^3.7.2:
    version "3.7.2"
    resolved "https://registry.npm.taobao.org/bluebird/download/bluebird-3.7.2.tgz?cache=0&sync_timestamp=1602657218976&other_urls=https%3A%2F%2Fregistry.npm.taobao.org%2Fbluebird%2Fdownload%2Fbluebird-3.7.2.tgz#9f229c15be272454ffa973ace0dbee79a1b0c36f"
    integrity sha1-nyKcFb4nJFT/qXOs4NvueaGww28=
  
  braces@~3.0.2:
    version "3.0.2"
    resolved "https://registry.npm.taobao.org/braces/download/braces-3.0.2.tgz#3454e1a462ee8d599e236df336cd9ea4f8afe107"
    integrity sha1-NFThpGLujVmeI23zNs2epPiv4Qc=
    dependencies:
      fill-range "^7.0.1"
  
  camel-case@^4.1.2:
    version "4.1.2"
    resolved "https://registry.npm.taobao.org/camel-case/download/camel-case-4.1.2.tgz?cache=0&sync_timestamp=1606867311564&other_urls=https%3A%2F%2Fregistry.npm.taobao.org%2Fcamel-case%2Fdownload%2Fcamel-case-4.1.2.tgz#9728072a954f805228225a6deea6b38461e1bd5a"
    integrity sha1-lygHKpVPgFIoIlpt7qazhGHhvVo=
    dependencies:
      pascal-case "^3.1.2"
      tslib "^2.0.3"
  
  capital-case@^1.0.4:
    version "1.0.4"
    resolved "https://registry.npm.taobao.org/capital-case/download/capital-case-1.0.4.tgz?cache=0&sync_timestamp=1606867282943&other_urls=https%3A%2F%2Fregistry.npm.taobao.org%2Fcapital-case%2Fdownload%2Fcapital-case-1.0.4.tgz#9d130292353c9249f6b00fa5852bee38a717e669"
    integrity sha1-nRMCkjU8kkn2sA+lhSvuOKcX5mk=
    dependencies:
      no-case "^3.0.4"
      tslib "^2.0.3"
      upper-case-first "^2.0.2"
  
  change-case@^4.1.2:
    version "4.1.2"
    resolved "https://registry.nlark.com/change-case/download/change-case-4.1.2.tgz?cache=0&sync_timestamp=1618847060079&other_urls=https%3A%2F%2Fregistry.nlark.com%2Fchange-case%2Fdownload%2Fchange-case-4.1.2.tgz#fedfc5f136045e2398c0410ee441f95704641e12"
    integrity sha1-/t/F8TYEXiOYwEEO5EH5VwRkHhI=
    dependencies:
      camel-case "^4.1.2"
      capital-case "^1.0.4"
      constant-case "^3.0.4"
      dot-case "^3.0.4"
      header-case "^2.0.4"
      no-case "^3.0.4"
      param-case "^3.0.4"
      pascal-case "^3.1.2"
      path-case "^3.0.4"
      sentence-case "^3.0.4"
      snake-case "^3.0.4"
      tslib "^2.0.3"
  
  "chokidar@>=3.0.0 <4.0.0":
    version "3.5.1"
    resolved "https://registry.npm.taobao.org/chokidar/download/chokidar-3.5.1.tgz?cache=0&sync_timestamp=1610719375974&other_urls=https%3A%2F%2Fregistry.npm.taobao.org%2Fchokidar%2Fdownload%2Fchokidar-3.5.1.tgz#ee9ce7bbebd2b79f49f304799d5468e31e14e68a"
    integrity sha1-7pznu+vSt59J8wR5nVRo4x4U5oo=
    dependencies:
      anymatch "~3.1.1"
      braces "~3.0.2"
      glob-parent "~5.1.0"
      is-binary-path "~2.1.0"
      is-glob "~4.0.1"
      normalize-path "~3.0.0"
      readdirp "~3.5.0"
    optionalDependencies:
      fsevents "~2.3.1"
  
  colorette@^1.2.2:
    version "1.2.2"
    resolved "https://registry.npm.taobao.org/colorette/download/colorette-1.2.2.tgz?cache=0&sync_timestamp=1614259647923&other_urls=https%3A%2F%2Fregistry.npm.taobao.org%2Fcolorette%2Fdownload%2Fcolorette-1.2.2.tgz#cbcc79d5e99caea2dbf10eb3a26fd8b3e6acfa94"
    integrity sha1-y8x51emcrqLb8Q6zom/Ys+as+pQ=
  
  compute-scroll-into-view@^1.0.17:
    version "1.0.17"
    resolved "https://registry.nlark.com/compute-scroll-into-view/download/compute-scroll-into-view-1.0.17.tgz#6a88f18acd9d42e9cf4baa6bec7e0522607ab7ab"
    integrity sha1-aojxis2dQunPS6pr7H4FImB6t6s=
  
  consolidate@^0.16.0:
    version "0.16.0"
    resolved "https://registry.npm.taobao.org/consolidate/download/consolidate-0.16.0.tgz#a11864768930f2f19431660a65906668f5fbdc16"
    integrity sha1-oRhkdokw8vGUMWYKZZBmaPX73BY=
    dependencies:
      bluebird "^3.7.2"
  
  constant-case@^3.0.4:
    version "3.0.4"
    resolved "https://registry.nlark.com/constant-case/download/constant-case-3.0.4.tgz#3b84a9aeaf4cf31ec45e6bf5de91bdfb0589faf1"
    integrity sha1-O4Sprq9M8x7EXmv13pG9+wWJ+vE=
    dependencies:
      no-case "^3.0.4"
      tslib "^2.0.3"
      upper-case "^2.0.2"
  
  core-js@^3.8.0:
    version "3.12.1"
    resolved "https://registry.nlark.com/core-js/download/core-js-3.12.1.tgz?cache=0&sync_timestamp=1620507873758&other_urls=https%3A%2F%2Fregistry.nlark.com%2Fcore-js%2Fdownload%2Fcore-js-3.12.1.tgz#6b5af4ff55616c08a44d386f1f510917ff204112"
    integrity sha1-a1r0/1VhbAikTThvH1EJF/8gQRI=
  
  cssesc@^3.0.0:
    version "3.0.0"
    resolved "https://registry.npm.taobao.org/cssesc/download/cssesc-3.0.0.tgz#37741919903b868565e1c09ea747445cd18983ee"
    integrity sha1-N3QZGZA7hoVl4cCep0dEXNGJg+4=
  
  csstype@^2.6.8:
    version "2.6.16"
    resolved "https://registry.npm.taobao.org/csstype/download/csstype-2.6.16.tgz#544d69f547013b85a40d15bff75db38f34fe9c39"
    integrity sha1-VE1p9UcBO4WkDRW/912zjzT+nDk=
  
  debug@^4.3.2:
    version "4.3.2"
    resolved "https://registry.npm.taobao.org/debug/download/debug-4.3.2.tgz?cache=0&sync_timestamp=1607566551397&other_urls=https%3A%2F%2Fregistry.npm.taobao.org%2Fdebug%2Fdownload%2Fdebug-4.3.2.tgz#f0a49c18ac8779e31d4a0c6029dfb76873c7428b"
    integrity sha1-8KScGKyHeeMdSgxgKd+3aHPHQos=
    dependencies:
      ms "2.1.2"
  
  dom-align@^1.10.4:
    version "1.12.1"
    resolved "https://registry.nlark.com/dom-align/download/dom-align-1.12.1.tgz#aedbc2c312983b46ea6b7a4d636617336a490ee9"
    integrity sha1-rtvCwxKYO0bqa3pNY2YXM2pJDuk=
  
  dom-scroll-into-view@^2.0.0:
    version "2.0.1"
    resolved "https://registry.npm.taobao.org/dom-scroll-into-view/download/dom-scroll-into-view-2.0.1.tgz#0decc8522801fd8d3f1c6ba355a74d382c5f989b"
    integrity sha1-DezIUigB/Y0/HGujVadNOCxfmJs=
  
  dot-case@^3.0.4:
    version "3.0.4"
    resolved "https://registry.nlark.com/dot-case/download/dot-case-3.0.4.tgz#9b2b670d00a431667a8a75ba29cd1b98809ce751"
    integrity sha1-mytnDQCkMWZ6inW6Kc0bmICc51E=
    dependencies:
      no-case "^3.0.4"
      tslib "^2.0.3"
  
  emojis-list@^3.0.0:
    version "3.0.0"
    resolved "https://registry.npm.taobao.org/emojis-list/download/emojis-list-3.0.0.tgz#5570662046ad29e2e916e71aae260abdff4f6a78"
    integrity sha1-VXBmIEatKeLpFucariYKvf9Pang=
  
  es-module-lexer@^0.4.1:
    version "0.4.1"
    resolved "https://registry.npm.taobao.org/es-module-lexer/download/es-module-lexer-0.4.1.tgz?cache=0&sync_timestamp=1614787593987&other_urls=https%3A%2F%2Fregistry.npm.taobao.org%2Fes-module-lexer%2Fdownload%2Fes-module-lexer-0.4.1.tgz#dda8c6a14d8f340a24e34331e0fab0cb50438e0e"
    integrity sha1-3ajGoU2PNAok40Mx4Pqwy1BDjg4=
  
  esbuild@^0.9.3:
    version "0.9.7"
    resolved "https://registry.npm.taobao.org/esbuild/download/esbuild-0.9.7.tgz?cache=0&sync_timestamp=1617794456831&other_urls=https%3A%2F%2Fregistry.npm.taobao.org%2Fesbuild%2Fdownload%2Fesbuild-0.9.7.tgz#ea0d639cbe4b88ec25fbed4d6ff00c8d788ef70b"
    integrity sha1-6g1jnL5LiOwl++1Nb/AMjXiO9ws=
  
  estree-walker@^2.0.1:
    version "2.0.2"
    resolved "https://registry.npm.taobao.org/estree-walker/download/estree-walker-2.0.2.tgz#52f010178c2a4c117a7757cfe942adb7d2da4cac"
    integrity sha1-UvAQF4wqTBF6d1fP6UKtt9LaTKw=
  
  fill-range@^7.0.1:
    version "7.0.1"
    resolved "https://registry.npm.taobao.org/fill-range/download/fill-range-7.0.1.tgz#1919a6a7c75fe38b2c7c77e5198535da9acdda40"
    integrity sha1-GRmmp8df44ssfHflGYU12prN2kA=
    dependencies:
      to-regex-range "^5.0.1"
  
  follow-redirects@^1.10.0:
    version "1.13.3"
    resolved "https://registry.npm.taobao.org/follow-redirects/download/follow-redirects-1.13.3.tgz#e5598ad50174c1bc4e872301e82ac2cd97f90267"
    integrity sha1-5VmK1QF0wbxOhyMB6CrCzZf5Amc=
  
  fsevents@~2.3.1:
    version "2.3.2"
    resolved "https://registry.npm.taobao.org/fsevents/download/fsevents-2.3.2.tgz?cache=0&sync_timestamp=1612536422255&other_urls=https%3A%2F%2Fregistry.npm.taobao.org%2Ffsevents%2Fdownload%2Ffsevents-2.3.2.tgz#8a526f78b8fdf4623b709e0b975c52c24c02fd1a"
    integrity sha1-ilJveLj99GI7cJ4Ll1xSwkwC/Ro=
  
  function-bind@^1.1.1:
    version "1.1.1"
    resolved "https://registry.npm.taobao.org/function-bind/download/function-bind-1.1.1.tgz#a56899d3ea3c9bab874bb9773b7c5ede92f4895d"
    integrity sha1-pWiZ0+o8m6uHS7l3O3xe3pL0iV0=
  
  generic-names@^2.0.1:
    version "2.0.1"
    resolved "https://registry.npm.taobao.org/generic-names/download/generic-names-2.0.1.tgz#f8a378ead2ccaa7a34f0317b05554832ae41b872"
    integrity sha1-+KN46tLMqno08DF7BVVIMq5BuHI=
    dependencies:
      loader-utils "^1.1.0"
  
  glob-parent@~5.1.0:
    version "5.1.2"
    resolved "https://registry.nlark.com/glob-parent/download/glob-parent-5.1.2.tgz#869832c58034fe68a4093c17dc15e8340d8401c4"
    integrity sha1-hpgyxYA0/mikCTwX3BXoNA2EAcQ=
    dependencies:
      is-glob "^4.0.1"
  
  has@^1.0.3:
    version "1.0.3"
    resolved "https://registry.npm.taobao.org/has/download/has-1.0.3.tgz#722d7cbfc1f6aa8241f16dd814e011e1f41e8796"
    integrity sha1-ci18v8H2qoJB8W3YFOAR4fQeh5Y=
    dependencies:
      function-bind "^1.1.1"
  
  hash-sum@^2.0.0:
    version "2.0.0"
    resolved "https://registry.npm.taobao.org/hash-sum/download/hash-sum-2.0.0.tgz#81d01bb5de8ea4a214ad5d6ead1b523460b0b45a"
    integrity sha1-gdAbtd6OpKIUrV1urRtSNGCwtFo=
  
  header-case@^2.0.4:
    version "2.0.4"
    resolved "https://registry.nlark.com/header-case/download/header-case-2.0.4.tgz#5a42e63b55177349cf405beb8d775acabb92c063"
    integrity sha1-WkLmO1UXc0nPQFvrjXdayruSwGM=
    dependencies:
      capital-case "^1.0.4"
      tslib "^2.0.3"
  
  icss-replace-symbols@^1.1.0:
    version "1.1.0"
    resolved "https://registry.npm.taobao.org/icss-replace-symbols/download/icss-replace-symbols-1.1.0.tgz#06ea6f83679a7749e386cfe1fe812ae5db223ded"
    integrity sha1-Bupvg2ead0njhs/h/oEq5dsiPe0=
  
  icss-utils@^5.0.0:
    version "5.1.0"
    resolved "https://registry.npm.taobao.org/icss-utils/download/icss-utils-5.1.0.tgz?cache=0&sync_timestamp=1605801266348&other_urls=https%3A%2F%2Fregistry.npm.taobao.org%2Ficss-utils%2Fdownload%2Ficss-utils-5.1.0.tgz#c6be6858abd013d768e98366ae47e25d5887b1ae"
    integrity sha1-xr5oWKvQE9do6YNmrkfiXViHsa4=
  
  indexes-of@^1.0.1:
    version "1.0.1"
    resolved "https://registry.npm.taobao.org/indexes-of/download/indexes-of-1.0.1.tgz#f30f716c8e2bd346c7b67d3df3915566a7c05607"
    integrity sha1-8w9xbI4r00bHtn0985FVZqfAVgc=
  
  is-binary-path@~2.1.0:
    version "2.1.0"
    resolved "https://registry.npm.taobao.org/is-binary-path/download/is-binary-path-2.1.0.tgz#ea1f7f3b80f064236e83470f86c09c254fb45b09"
    integrity sha1-6h9/O4DwZCNug0cPhsCcJU+0Wwk=
    dependencies:
      binary-extensions "^2.0.0"
  
  is-core-module@^2.2.0:
    version "2.2.0"
    resolved "https://registry.npm.taobao.org/is-core-module/download/is-core-module-2.2.0.tgz#97037ef3d52224d85163f5597b2b63d9afed981a"
    integrity sha1-lwN+89UiJNhRY/VZeytj2a/tmBo=
    dependencies:
      has "^1.0.3"
  
  is-extglob@^2.1.1:
    version "2.1.1"
    resolved "https://registry.npm.taobao.org/is-extglob/download/is-extglob-2.1.1.tgz#a88c02535791f02ed37c76a1b9ea9773c833f8c2"
    integrity sha1-qIwCU1eR8C7TfHahueqXc8gz+MI=
  
  is-glob@^4.0.1, is-glob@~4.0.1:
    version "4.0.1"
    resolved "https://registry.npm.taobao.org/is-glob/download/is-glob-4.0.1.tgz#7567dbe9f2f5e2467bc77ab83c4a29482407a5dc"
    integrity sha1-dWfb6fL14kZ7x3q4PEopSCQHpdw=
    dependencies:
      is-extglob "^2.1.1"
  
  is-number@^7.0.0:
    version "7.0.0"
    resolved "https://registry.npm.taobao.org/is-number/download/is-number-7.0.0.tgz#7535345b896734d5f80c4d06c50955527a14f12b"
    integrity sha1-dTU0W4lnNNX4DE0GxQlVUnoU8Ss=
  
  is-plain-object@3.0.1:
    version "3.0.1"
    resolved "https://registry.npm.taobao.org/is-plain-object/download/is-plain-object-3.0.1.tgz#662d92d24c0aa4302407b0d45d21f2251c85f85b"
    integrity sha1-Zi2S0kwKpDAkB7DUXSHyJRyF+Fs=
  
  "js-tokens@^3.0.0 || ^4.0.0":
    version "4.0.0"
    resolved "https://registry.nlark.com/js-tokens/download/js-tokens-4.0.0.tgz#19203fb59991df98e3a287050d4647cdeaf32499"
    integrity sha1-GSA/tZmR35jjoocFDUZHzerzJJk=
  
  json5@^1.0.1:
    version "1.0.1"
    resolved "https://registry.npm.taobao.org/json5/download/json5-1.0.1.tgz#779fb0018604fa854eacbf6252180d83543e3dbe"
    integrity sha1-d5+wAYYE+oVOrL9iUhgNg1Q+Pb4=
    dependencies:
      minimist "^1.2.0"
  
  loader-utils@^1.1.0:
    version "1.4.0"
    resolved "https://registry.npm.taobao.org/loader-utils/download/loader-utils-1.4.0.tgz#c579b5e34cb34b1a74edc6c1fb36bfa371d5a613"
    integrity sha1-xXm140yzSxp07cbB+za/o3HVphM=
    dependencies:
      big.js "^5.2.2"
      emojis-list "^3.0.0"
      json5 "^1.0.1"
  
  lodash-es@^4.17.15:
    version "4.17.21"
    resolved "https://registry.nlark.com/lodash-es/download/lodash-es-4.17.21.tgz#43e626c46e6591b7750beb2b50117390c609e3ee"
    integrity sha1-Q+YmxG5lkbd1C+srUBFzkMYJ4+4=
  
  lodash.camelcase@^4.3.0:
    version "4.3.0"
    resolved "https://registry.npm.taobao.org/lodash.camelcase/download/lodash.camelcase-4.3.0.tgz#b28aa6288a2b9fc651035c7711f65ab6190331a6"
    integrity sha1-soqmKIorn8ZRA1x3EfZathkDMaY=
  
  lodash@^4.17.15, lodash@^4.17.19, lodash@^4.17.21:
    version "4.17.21"
    resolved "https://registry.npm.taobao.org/lodash/download/lodash-4.17.21.tgz#679591c564c3bffaae8454cf0b3df370c3d6911c"
    integrity sha1-Z5WRxWTDv/quhFTPCz3zcMPWkRw=
  
  loose-envify@^1.0.0:
    version "1.4.0"
    resolved "https://registry.npm.taobao.org/loose-envify/download/loose-envify-1.4.0.tgz#71ee51fa7be4caec1a63839f7e682d8132d30caf"
    integrity sha1-ce5R+nvkyuwaY4OffmgtgTLTDK8=
    dependencies:
      js-tokens "^3.0.0 || ^4.0.0"
  
  lower-case@^2.0.2:
    version "2.0.2"
    resolved "https://registry.nlark.com/lower-case/download/lower-case-2.0.2.tgz#6fa237c63dbdc4a82ca0fd882e4722dc5e634e28"
    integrity sha1-b6I3xj29xKgsoP2ILkci3F5jTig=
    dependencies:
      tslib "^2.0.3"
  
  lru-cache@^5.1.1:
    version "5.1.1"
    resolved "https://registry.npm.taobao.org/lru-cache/download/lru-cache-5.1.1.tgz#1da27e6710271947695daf6848e847f01d84b920"
    integrity sha1-HaJ+ZxAnGUdpXa9oSOhH8B2EuSA=
    dependencies:
      yallist "^3.0.2"
  
  magic-string@^0.25.7:
    version "0.25.7"
    resolved "https://registry.npm.taobao.org/magic-string/download/magic-string-0.25.7.tgz#3f497d6fd34c669c6798dcb821f2ef31f5445051"
    integrity sha1-P0l9b9NMZpxnmNy4IfLvMfVEUFE=
    dependencies:
      sourcemap-codec "^1.4.4"
  
  merge-source-map@^1.1.0:
    version "1.1.0"
    resolved "https://registry.npm.taobao.org/merge-source-map/download/merge-source-map-1.1.0.tgz#2fdde7e6020939f70906a68f2d7ae685e4c8c646"
    integrity sha1-L93n5gIJOfcJBqaPLXrmheTIxkY=
    dependencies:
      source-map "^0.6.1"
  
  minimist@^1.2.0:
    version "1.2.5"
    resolved "https://registry.npm.taobao.org/minimist/download/minimist-1.2.5.tgz?cache=0&sync_timestamp=1602337228360&other_urls=https%3A%2F%2Fregistry.npm.taobao.org%2Fminimist%2Fdownload%2Fminimist-1.2.5.tgz#67d66014b66a6a8aaa0c083c5fd58df4e4e97602"
    integrity sha1-Z9ZgFLZqaoqqDAg8X9WN9OTpdgI=
  
  moment@^2.27.0:
    version "2.29.1"
    resolved "https://registry.npm.taobao.org/moment/download/moment-2.29.1.tgz#b2be769fa31940be9eeea6469c075e35006fa3d3"
    integrity sha1-sr52n6MZQL6e7qZGnAdeNQBvo9M=
  
  ms@2.1.2:
    version "2.1.2"
    resolved "https://registry.npm.taobao.org/ms/download/ms-2.1.2.tgz?cache=0&sync_timestamp=1607433856030&other_urls=https%3A%2F%2Fregistry.npm.taobao.org%2Fms%2Fdownload%2Fms-2.1.2.tgz#d09d1f357b443f493382a8eb3ccd183872ae6009"
    integrity sha1-0J0fNXtEP0kzgqjrPM0YOHKuYAk=
  
  nanoid@^3.1.22:
    version "3.1.22"
    resolved "https://registry.npm.taobao.org/nanoid/download/nanoid-3.1.22.tgz?cache=0&sync_timestamp=1615820315842&other_urls=https%3A%2F%2Fregistry.npm.taobao.org%2Fnanoid%2Fdownload%2Fnanoid-3.1.22.tgz#b35f8fb7d151990a8aebd5aa5015c03cf726f844"
    integrity sha1-s1+Pt9FRmQqK69WqUBXAPPcm+EQ=
  
  nanopop@^2.1.0:
    version "2.1.0"
    resolved "https://registry.npm.taobao.org/nanopop/download/nanopop-2.1.0.tgz#23476513cee2405888afd2e8a4b54066b70b9e60"
    integrity sha1-I0dlE87iQFiIr9LopLVAZrcLnmA=
  
  no-case@^3.0.4:
    version "3.0.4"
    resolved "https://registry.nlark.com/no-case/download/no-case-3.0.4.tgz#d361fd5c9800f558551a8369fc0dcd4662b6124d"
    integrity sha1-02H9XJgA9VhVGoNp/A3NRmK2Ek0=
    dependencies:
      lower-case "^2.0.2"
      tslib "^2.0.3"
  
  normalize-path@^3.0.0, normalize-path@~3.0.0:
    version "3.0.0"
    resolved "https://registry.nlark.com/normalize-path/download/normalize-path-3.0.0.tgz#0dcd69ff23a1c9b11fd0978316644a0388216a65"
    integrity sha1-Dc1p/yOhybEf0JeDFmRKA4ghamU=
  
  nprogress@^0.2.0:
    version "0.2.0"
    resolved "https://registry.nlark.com/nprogress/download/nprogress-0.2.0.tgz#cb8f34c53213d895723fcbab907e9422adbcafb1"
    integrity sha1-y480xTIT2JVyP8urkH6UIq28r7E=
  
  omit.js@^2.0.0:
    version "2.0.2"
    resolved "https://registry.npm.taobao.org/omit.js/download/omit.js-2.0.2.tgz#dd9b8436fab947a5f3ff214cb2538631e313ec2f"
    integrity sha1-3ZuENvq5R6Xz/yFMslOGMeMT7C8=
  
  param-case@^3.0.4:
    version "3.0.4"
    resolved "https://registry.npm.taobao.org/param-case/download/param-case-3.0.4.tgz?cache=0&sync_timestamp=1606867311360&other_urls=https%3A%2F%2Fregistry.npm.taobao.org%2Fparam-case%2Fdownload%2Fparam-case-3.0.4.tgz#7d17fe4aa12bde34d4a77d91acfb6219caad01c5"
    integrity sha1-fRf+SqEr3jTUp32RrPtiGcqtAcU=
    dependencies:
      dot-case "^3.0.4"
      tslib "^2.0.3"
  
  particles.js@^2.0.0:
    version "2.0.0"
    resolved "https://registry.npm.taobao.org/particles.js/download/particles.js-2.0.0.tgz#21386c4328d6c7f96780a201e96eedfc09c736f6"
    integrity sha1-IThsQyjWx/lngKIB6W7t/AnHNvY=
  
  pascal-case@^3.1.2:
    version "3.1.2"
    resolved "https://registry.npm.taobao.org/pascal-case/download/pascal-case-3.1.2.tgz?cache=0&sync_timestamp=1606867255187&other_urls=https%3A%2F%2Fregistry.npm.taobao.org%2Fpascal-case%2Fdownload%2Fpascal-case-3.1.2.tgz#b48e0ef2b98e205e7c1dae747d0b1508237660eb"
    integrity sha1-tI4O8rmOIF58Ha50fQsVCCN2YOs=
    dependencies:
      no-case "^3.0.4"
      tslib "^2.0.3"
  
  path-case@^3.0.4:
    version "3.0.4"
    resolved "https://registry.npm.taobao.org/path-case/download/path-case-3.0.4.tgz#9168645334eb942658375c56f80b4c0cb5f82c6f"
    integrity sha1-kWhkUzTrlCZYN1xW+AtMDLX4LG8=
    dependencies:
      dot-case "^3.0.4"
      tslib "^2.0.3"
  
  path-parse@^1.0.6:
    version "1.0.6"
    resolved "https://registry.npm.taobao.org/path-parse/download/path-parse-1.0.6.tgz#d62dbb5679405d72c4737ec58600e9ddcf06d24c"
    integrity sha1-1i27VnlAXXLEc37FhgDp3c8G0kw=
  
  picomatch@^2.0.4, picomatch@^2.2.1, picomatch@^2.2.2:
    version "2.2.3"
    resolved "https://registry.npm.taobao.org/picomatch/download/picomatch-2.2.3.tgz#465547f359ccc206d3c48e46a1bcb89bf7ee619d"
    integrity sha1-RlVH81nMwgbTxI5Goby4m/fuYZ0=
  
  postcss-modules-extract-imports@^3.0.0:
    version "3.0.0"
    resolved "https://registry.npm.taobao.org/postcss-modules-extract-imports/download/postcss-modules-extract-imports-3.0.0.tgz?cache=0&sync_timestamp=1602588260997&other_urls=https%3A%2F%2Fregistry.npm.taobao.org%2Fpostcss-modules-extract-imports%2Fdownload%2Fpostcss-modules-extract-imports-3.0.0.tgz#cda1f047c0ae80c97dbe28c3e76a43b88025741d"
    integrity sha1-zaHwR8CugMl9vijD52pDuIAldB0=
  
  postcss-modules-local-by-default@^4.0.0:
    version "4.0.0"
    resolved "https://registry.npm.taobao.org/postcss-modules-local-by-default/download/postcss-modules-local-by-default-4.0.0.tgz?cache=0&sync_timestamp=1602587625149&other_urls=https%3A%2F%2Fregistry.npm.taobao.org%2Fpostcss-modules-local-by-default%2Fdownload%2Fpostcss-modules-local-by-default-4.0.0.tgz#ebbb54fae1598eecfdf691a02b3ff3b390a5a51c"
    integrity sha1-67tU+uFZjuz99pGgKz/zs5ClpRw=
    dependencies:
      icss-utils "^5.0.0"
      postcss-selector-parser "^6.0.2"
      postcss-value-parser "^4.1.0"
  
  postcss-modules-scope@^3.0.0:
    version "3.0.0"
    resolved "https://registry.npm.taobao.org/postcss-modules-scope/download/postcss-modules-scope-3.0.0.tgz?cache=0&sync_timestamp=1602593195049&other_urls=https%3A%2F%2Fregistry.npm.taobao.org%2Fpostcss-modules-scope%2Fdownload%2Fpostcss-modules-scope-3.0.0.tgz#9ef3151456d3bbfa120ca44898dfca6f2fa01f06"
    integrity sha1-nvMVFFbTu/oSDKRImN/Kby+gHwY=
    dependencies:
      postcss-selector-parser "^6.0.4"
  
  postcss-modules-values@^4.0.0:
    version "4.0.0"
    resolved "https://registry.npm.taobao.org/postcss-modules-values/download/postcss-modules-values-4.0.0.tgz?cache=0&sync_timestamp=1602586215124&other_urls=https%3A%2F%2Fregistry.npm.taobao.org%2Fpostcss-modules-values%2Fdownload%2Fpostcss-modules-values-4.0.0.tgz#d7c5e7e68c3bb3c9b27cbf48ca0bb3ffb4602c9c"
    integrity sha1-18Xn5ow7s8myfL9Iyguz/7RgLJw=
    dependencies:
      icss-utils "^5.0.0"
  
  postcss-modules@^4.0.0:
    version "4.0.0"
    resolved "https://registry.npm.taobao.org/postcss-modules/download/postcss-modules-4.0.0.tgz#2bc7f276ab88f3f1b0fadf6cbd7772d43b5f3b9b"
    integrity sha1-K8fydquI8/Gw+t9svXdy1DtfO5s=
    dependencies:
      generic-names "^2.0.1"
      icss-replace-symbols "^1.1.0"
      lodash.camelcase "^4.3.0"
      postcss-modules-extract-imports "^3.0.0"
      postcss-modules-local-by-default "^4.0.0"
      postcss-modules-scope "^3.0.0"
      postcss-modules-values "^4.0.0"
      string-hash "^1.1.1"
  
  postcss-selector-parser@^6.0.2, postcss-selector-parser@^6.0.4:
    version "6.0.4"
    resolved "https://registry.npm.taobao.org/postcss-selector-parser/download/postcss-selector-parser-6.0.4.tgz#56075a1380a04604c38b063ea7767a129af5c2b3"
    integrity sha1-VgdaE4CgRgTDiwY+p3Z6Epr1wrM=
    dependencies:
      cssesc "^3.0.0"
      indexes-of "^1.0.1"
      uniq "^1.0.1"
      util-deprecate "^1.0.2"
  
  postcss-value-parser@^4.1.0:
    version "4.1.0"
    resolved "https://registry.npm.taobao.org/postcss-value-parser/download/postcss-value-parser-4.1.0.tgz#443f6a20ced6481a2bda4fa8532a6e55d789a2cb"
    integrity sha1-RD9qIM7WSBor2k+oUypuVdeJoss=
  
  postcss@^8.1.10, postcss@^8.2.1:
    version "8.2.9"
    resolved "https://registry.npm.taobao.org/postcss/download/postcss-8.2.9.tgz#fd95ff37b5cee55c409b3fdd237296ab4096fba3"
    integrity sha1-/ZX/N7XO5VxAmz/dI3KWq0CW+6M=
    dependencies:
      colorette "^1.2.2"
      nanoid "^3.1.22"
      source-map "^0.6.1"
  
  readdirp@~3.5.0:
    version "3.5.0"
    resolved "https://registry.npm.taobao.org/readdirp/download/readdirp-3.5.0.tgz#9ba74c019b15d365278d2e91bb8c48d7b4d42c9e"
    integrity sha1-m6dMAZsV02UnjS6Ru4xI17TULJ4=
    dependencies:
      picomatch "^2.2.1"
  
  regenerator-runtime@^0.13.4:
    version "0.13.7"
    resolved "https://registry.npm.taobao.org/regenerator-runtime/download/regenerator-runtime-0.13.7.tgz#cac2dacc8a1ea675feaabaeb8ae833898ae46f55"
    integrity sha1-ysLazIoepnX+qrrriugziYrkb1U=
  
  resize-observer-polyfill@^1.5.1:
    version "1.5.1"
    resolved "https://registry.npm.taobao.org/resize-observer-polyfill/download/resize-observer-polyfill-1.5.1.tgz#0e9020dd3d21024458d4ebd27e23e40269810464"
    integrity sha1-DpAg3T0hAkRY1OvSfiPkAmmBBGQ=
  
  resolve@^1.19.0:
    version "1.20.0"
    resolved "https://registry.npm.taobao.org/resolve/download/resolve-1.20.0.tgz?cache=0&sync_timestamp=1613054898763&other_urls=https%3A%2F%2Fregistry.npm.taobao.org%2Fresolve%2Fdownload%2Fresolve-1.20.0.tgz#629a013fb3f70755d6f0b7935cc1c2c5378b1975"
    integrity sha1-YpoBP7P3B1XW8LeTXMHCxTeLGXU=
    dependencies:
      is-core-module "^2.2.0"
      path-parse "^1.0.6"
  
  rollup@^2.38.5:
    version "2.45.0"
    resolved "https://registry.npm.taobao.org/rollup/download/rollup-2.45.0.tgz?cache=0&sync_timestamp=1617944446364&other_urls=https%3A%2F%2Fregistry.npm.taobao.org%2Frollup%2Fdownload%2Frollup-2.45.0.tgz#bfcce2347c96f15f5c78ac860bc38e3349ba27c9"
    integrity sha1-v8ziNHyW8V9ceKyGC8OOM0m6J8k=
    optionalDependencies:
      fsevents "~2.3.1"
  
  sass@^1.32.11:
    version "1.32.11"
    resolved "https://registry.nlark.com/sass/download/sass-1.32.11.tgz?cache=0&sync_timestamp=1618865427067&other_urls=https%3A%2F%2Fregistry.nlark.com%2Fsass%2Fdownload%2Fsass-1.32.11.tgz#b236b3ea55c76602c2ef2bd0445f0db581baa218"
    integrity sha1-sjaz6lXHZgLC7yvQRF8NtYG6ohg=
    dependencies:
      chokidar ">=3.0.0 <4.0.0"
  
  scroll-into-view-if-needed@^2.2.25:
    version "2.2.28"
    resolved "https://registry.npm.taobao.org/scroll-into-view-if-needed/download/scroll-into-view-if-needed-2.2.28.tgz?cache=0&sync_timestamp=1616457021312&other_urls=https%3A%2F%2Fregistry.npm.taobao.org%2Fscroll-into-view-if-needed%2Fdownload%2Fscroll-into-view-if-needed-2.2.28.tgz#5a15b2f58a52642c88c8eca584644e01703d645a"
    integrity sha1-WhWy9YpSZCyIyOylhGROAXA9ZFo=
    dependencies:
      compute-scroll-into-view "^1.0.17"
  
  sentence-case@^3.0.4:
    version "3.0.4"
    resolved "https://registry.npm.taobao.org/sentence-case/download/sentence-case-3.0.4.tgz?cache=0&sync_timestamp=1606867255613&other_urls=https%3A%2F%2Fregistry.npm.taobao.org%2Fsentence-case%2Fdownload%2Fsentence-case-3.0.4.tgz#3645a7b8c117c787fde8702056225bb62a45131f"
    integrity sha1-NkWnuMEXx4f96HAgViJbtipFEx8=
    dependencies:
      no-case "^3.0.4"
      tslib "^2.0.3"
      upper-case-first "^2.0.2"
  
  shallow-equal@^1.0.0:
    version "1.2.1"
    resolved "https://registry.nlark.com/shallow-equal/download/shallow-equal-1.2.1.tgz#4c16abfa56043aa20d050324efa68940b0da79da"
    integrity sha1-TBar+lYEOqINBQMk76aJQLDaedo=
  
  snake-case@^3.0.4:
    version "3.0.4"
    resolved "https://registry.npm.taobao.org/snake-case/download/snake-case-3.0.4.tgz#4f2bbd568e9935abdfd593f34c691dadb49c452c"
    integrity sha1-Tyu9Vo6ZNavf1ZPzTGkdrbScRSw=
    dependencies:
      dot-case "^3.0.4"
      tslib "^2.0.3"
  
  source-map@^0.6.1:
    version "0.6.1"
    resolved "https://registry.npm.taobao.org/source-map/download/source-map-0.6.1.tgz#74722af32e9614e9c287a8d0bbde48b5e2f1a263"
    integrity sha1-dHIq8y6WFOnCh6jQu95IteLxomM=
  
  sourcemap-codec@^1.4.4:
    version "1.4.8"
    resolved "https://registry.npm.taobao.org/sourcemap-codec/download/sourcemap-codec-1.4.8.tgz#ea804bd94857402e6992d05a38ef1ae35a9ab4c4"
    integrity sha1-6oBL2UhXQC5pktBaOO8a41qatMQ=
  
  string-hash@^1.1.1:
    version "1.1.3"
    resolved "https://registry.npm.taobao.org/string-hash/download/string-hash-1.1.3.tgz?cache=0&sync_timestamp=1608581438789&other_urls=https%3A%2F%2Fregistry.npm.taobao.org%2Fstring-hash%2Fdownload%2Fstring-hash-1.1.3.tgz#e8aafc0ac1855b4666929ed7dd1275df5d6c811b"
    integrity sha1-6Kr8CsGFW0Zmkp7X3RJ1311sgRs=
  
  to-fast-properties@^2.0.0:
    version "2.0.0"
    resolved "https://registry.npm.taobao.org/to-fast-properties/download/to-fast-properties-2.0.0.tgz#dc5e698cbd079265bc73e0377681a4e4e83f616e"
    integrity sha1-3F5pjL0HkmW8c+A3doGk5Og/YW4=
  
  to-regex-range@^5.0.1:
    version "5.0.1"
    resolved "https://registry.npm.taobao.org/to-regex-range/download/to-regex-range-5.0.1.tgz#1648c44aae7c8d988a326018ed72f5b4dd0392e4"
    integrity sha1-FkjESq58jZiKMmAY7XL1tN0DkuQ=
    dependencies:
      is-number "^7.0.0"
  
  tslib@^2.0.3:
    version "2.2.0"
    resolved "https://registry.npm.taobao.org/tslib/download/tslib-2.2.0.tgz?cache=0&sync_timestamp=1617647281845&other_urls=https%3A%2F%2Fregistry.npm.taobao.org%2Ftslib%2Fdownload%2Ftslib-2.2.0.tgz#fb2c475977e35e241311ede2693cee1ec6698f5c"
    integrity sha1-+yxHWXfjXiQTEe3iaTzuHsZpj1w=
  
  uniq@^1.0.1:
    version "1.0.1"
    resolved "https://registry.npm.taobao.org/uniq/download/uniq-1.0.1.tgz#b31c5ae8254844a3a8281541ce2b04b865a734ff"
    integrity sha1-sxxa6CVIRKOoKBVBzisEuGWnNP8=
  
  upper-case-first@^2.0.2:
    version "2.0.2"
    resolved "https://registry.npm.taobao.org/upper-case-first/download/upper-case-first-2.0.2.tgz?cache=0&sync_timestamp=1606867254610&other_urls=https%3A%2F%2Fregistry.npm.taobao.org%2Fupper-case-first%2Fdownload%2Fupper-case-first-2.0.2.tgz#992c3273f882abd19d1e02894cc147117f844324"
    integrity sha1-mSwyc/iCq9GdHgKJTMFHEX+EQyQ=
    dependencies:
      tslib "^2.0.3"
  
  upper-case@^2.0.2:
    version "2.0.2"
    resolved "https://registry.npm.taobao.org/upper-case/download/upper-case-2.0.2.tgz?cache=0&sync_timestamp=1606859943902&other_urls=https%3A%2F%2Fregistry.npm.taobao.org%2Fupper-case%2Fdownload%2Fupper-case-2.0.2.tgz#d89810823faab1df1549b7d97a76f8662bae6f7a"
    integrity sha1-2JgQgj+qsd8VSbfZenb4Ziuub3o=
    dependencies:
      tslib "^2.0.3"
  
  util-deprecate@^1.0.2:
    version "1.0.2"
    resolved "https://registry.npm.taobao.org/util-deprecate/download/util-deprecate-1.0.2.tgz#450d4dc9fa70de732762fbd2d4a28981419a0ccf"
    integrity sha1-RQ1Nyfpw3nMnYvvS1KKJgUGaDM8=
  
  vite-plugin-style-import@^0.9.2:
    version "0.9.2"
    resolved "https://registry.npm.taobao.org/vite-plugin-style-import/download/vite-plugin-style-import-0.9.2.tgz#7941de6b203418e3e24d09b82e9438e6901cc0a3"
    integrity sha1-eUHeayA0GOPiTQm4LpQ45pAcwKM=
    dependencies:
      "@rollup/pluginutils" "^4.1.0"
      change-case "^4.1.2"
      debug "^4.3.2"
      es-module-lexer "^0.4.1"
      magic-string "^0.25.7"
  
  vite@^2.1.5:
    version "2.1.5"
    resolved "https://registry.npm.taobao.org/vite/download/vite-2.1.5.tgz?cache=0&other_urls=https%3A%2F%2Fregistry.npm.taobao.org%2Fvite%2Fdownload%2Fvite-2.1.5.tgz#4857da441c62f7982c83cbd5f42a00330f20c9c1"
    integrity sha1-SFfaRBxi95gsg8vV9CoAMw8gycE=
    dependencies:
      esbuild "^0.9.3"
      postcss "^8.2.1"
      resolve "^1.19.0"
      rollup "^2.38.5"
    optionalDependencies:
      fsevents "~2.3.1"
  
  vue-axios@^3.2.4:
    version "3.2.4"
    resolved "https://registry.npm.taobao.org/vue-axios/download/vue-axios-3.2.4.tgz?cache=0&sync_timestamp=1612148326545&other_urls=https%3A%2F%2Fregistry.npm.taobao.org%2Fvue-axios%2Fdownload%2Fvue-axios-3.2.4.tgz#2334158db8ac2a0f603aa431c2626fbf6d766724"
    integrity sha1-IzQVjbisKg9gOqQxwmJvv212ZyQ=
  
  vue-particles@^1.0.9:
    version "1.0.9"
    resolved "https://registry.npm.taobao.org/vue-particles/download/vue-particles-1.0.9.tgz#29d9cc2be0157df1c0a87ec3b96c96f33279526e"
    integrity sha1-KdnMK+AVffHAqH7DuWyW8zJ5Um4=
    dependencies:
      particles.js "^2.0.0"
      vue "^2.2.6"
  
  vue-router@^4.0.1:
    version "4.0.6"
    resolved "https://registry.npm.taobao.org/vue-router/download/vue-router-4.0.6.tgz?cache=0&sync_timestamp=1617697843139&other_urls=https%3A%2F%2Fregistry.npm.taobao.org%2Fvue-router%2Fdownload%2Fvue-router-4.0.6.tgz#91750db507d26642f225b0ec6064568e5fe448d6"
    integrity sha1-kXUNtQfSZkLyJbDsYGRWjl/kSNY=
  
  vue-types@^3.0.0:
    version "3.0.2"
    resolved "https://registry.npm.taobao.org/vue-types/download/vue-types-3.0.2.tgz#ec16e05d412c038262fc1efa4ceb9647e7fb601d"
    integrity sha1-7BbgXUEsA4Ji/B76TOuWR+f7YB0=
    dependencies:
      is-plain-object "3.0.1"
  
  vue@^2.2.6:
    version "2.6.12"
    resolved "https://registry.nlark.com/vue/download/vue-2.6.12.tgz#f5ebd4fa6bd2869403e29a896aed4904456c9123"
    integrity sha1-9evU+mvShpQD4pqJau1JBEVskSM=
  
  vue@^3.0.0, vue@^3.0.5:
    version "3.0.11"
    resolved "https://registry.npm.taobao.org/vue/download/vue-3.0.11.tgz?cache=0&sync_timestamp=1617321643721&other_urls=https%3A%2F%2Fregistry.npm.taobao.org%2Fvue%2Fdownload%2Fvue-3.0.11.tgz#c82f9594cbf4dcc869241d4c8dd3e08d9a8f4b5f"
    integrity sha1-yC+VlMv03MhpJB1MjdPgjZqPS18=
    dependencies:
      "@vue/compiler-dom" "3.0.11"
      "@vue/runtime-dom" "3.0.11"
      "@vue/shared" "3.0.11"
  
  warning@^4.0.0:
    version "4.0.3"
    resolved "https://registry.npm.taobao.org/warning/download/warning-4.0.3.tgz#16e9e077eb8a86d6af7d64aa1e05fd85b4678ca3"
    integrity sha1-Fungd+uKhtavfWSqHgX9hbRnjKM=
    dependencies:
      loose-envify "^1.0.0"
  
  yallist@^3.0.2:
    version "3.1.1"
    resolved "https://registry.npm.taobao.org/yallist/download/yallist-3.1.1.tgz#dbb7daf9bfd8bac9ab45ebf602b8cbad0d5d08fd"
    integrity sha1-27fa+b/YusmrRev2ArjLrQ1dCP0=
